<?xml version="1.0" encoding="UTF-8"?>
<testng-results total="5" passed="5" failed="0" skipped="0">
  <reporter-output>
  </reporter-output>
  <suite started-at="2026-01-25T13:39:19Z" name="Test Suite for Buildout" finished-at="2026-01-25T13:40:19Z" duration-ms="59635">
    <groups>
    </groups>
    <test started-at="2026-01-25T13:39:19Z" name="Test Cases for Buildout" finished-at="2026-01-25T13:40:19Z" duration-ms="59635">
      <class name="demo.TestCases">
        <test-method is-config="true" signature="startBrowser()[pri:0, instance:demo.TestCases@2e385cce]" started-at="2026-01-25T19:09:19Z" name="startBrowser" finished-at="2026-01-25T19:09:21Z" duration-ms="1762" status="PASS">
          <reporter-output>
          </reporter-output>
        </test-method> <!-- startBrowser -->
        <test-method signature="testCase01()[pri:0, instance:demo.TestCases@2e385cce]" started-at="2026-01-25T19:09:21Z" name="testCase01" finished-at="2026-01-25T19:09:32Z" duration-ms="11252" status="PASS">
          <reporter-output>
          </reporter-output>
        </test-method> <!-- testCase01 -->
        <test-method signature="testCase02()[pri:0, instance:demo.TestCases@2e385cce]" started-at="2026-01-25T19:09:32Z" name="testCase02" finished-at="2026-01-25T19:09:46Z" duration-ms="13285" status="PASS">
          <reporter-output>
          </reporter-output>
        </test-method> <!-- testCase02 -->
        <test-method signature="testCase03()[pri:0, instance:demo.TestCases@2e385cce]" started-at="2026-01-25T19:09:46Z" name="testCase03" finished-at="2026-01-25T19:09:57Z" duration-ms="11054" status="PASS">
          <reporter-output>
          </reporter-output>
        </test-method> <!-- testCase03 -->
        <test-method signature="testCase04()[pri:0, instance:demo.TestCases@2e385cce]" started-at="2026-01-25T19:09:57Z" name="testCase04" finished-at="2026-01-25T19:10:18Z" duration-ms="21742" status="PASS">
          <reporter-output>
          </reporter-output>
        </test-method> <!-- testCase04 -->
        <test-method is-config="true" signature="endTest()[pri:0, instance:demo.TestCases@2e385cce]" started-at="2026-01-25T19:10:18Z" name="endTest" finished-at="2026-01-25T19:10:19Z" duration-ms="529" status="PASS">
          <reporter-output>
          </reporter-output>
        </test-method> <!-- endTest -->
        <test-method signature="testCase05()[pri:0, instance:demo.TestCases@2e385cce]" started-at="2026-01-25T19:10:18Z" name="testCase05" finished-at="2026-01-25T19:10:18Z" duration-ms="0" status="PASS">
          <reporter-output>
          </reporter-output>
        </test-method> <!-- testCase05 -->
      </class> <!-- demo.TestCases -->
    </test> <!-- Test Cases for Buildout -->
  </suite> <!-- Test Suite for Buildout -->
</testng-results>
